<!-- Loading shared library : /opt/ilcsoft/muonc/MarlinDD4hep/v00-06/lib/libMarlinDD4hep.so.0.6.0 (libMarlinDD4hep.so)-->
<!-- Loading shared library : /opt/ilcsoft/muonc/DDMarlinPandora/v00-12-MC/lib/libDDMarlinPandora.so.0.11.0 (libDDMarlinPandora.so)-->
<!-- Loading shared library : /opt/ilcsoft/muonc/MarlinReco/v01-28/lib/libMarlinReco.so.1.28.0 (libMarlinReco.so)-->
<!-- Loading shared library : /opt/ilcsoft/muonc/PandoraAnalysis/v02-00-01/lib/libPandoraAnalysis.so.2.0.1 (libPandoraAnalysis.so)-->
<!-- Loading shared library : /opt/ilcsoft/muonc/LCFIVertex/v00-08/lib/libLCFIVertexProcessors.so.0.8.0 (libLCFIVertexProcessors.so)-->
<!-- Loading shared library : /opt/ilcsoft/muonc/CEDViewer/v01-17-01/lib/libCEDViewer.so.1.17.1 (libCEDViewer.so)-->
<!-- Loading shared library : /opt/ilcsoft/muonc/Overlay/v00-22-02-MC/lib/libOverlay.so.0.22.0 (libOverlay.so)-->
<!-- Loading shared library : /opt/ilcsoft/muonc/MarlinFastJet/v00-05-02/lib/libMarlinFastJet.so.0.5.2 (libMarlinFastJet.so)-->
<!-- Loading shared library : /opt/ilcsoft/muonc/LCTuple/v01-13-MC/lib/libLCTuple.so.1.12.0 (libLCTuple.so)-->
<!-- Loading shared library : /opt/ilcsoft/muonc/MarlinKinfit/v00-06/lib/libMarlinKinfit.so.0.6.0 (libMarlinKinfit.so)-->
<!-- Loading shared library : /opt/ilcsoft/muonc/MarlinTrkProcessors/v02-12-MC/lib/libMarlinTrkProcessors.so.2.11.0 (libMarlinTrkProcessors.so)-->
<!-- Loading shared library : /opt/ilcsoft/muonc/MarlinKinfitProcessors/v00-04-02/lib/libMarlinKinfitProcessors.so.0.4.2 (libMarlinKinfitProcessors.so)-->
<!-- Loading shared library : /opt/ilcsoft/muonc/ILDPerformance/v01-08/lib/libILDPerformance.so.1.8.0 (libILDPerformance.so)-->
<!-- Loading shared library : /opt/ilcsoft/muonc/ClicPerformance/HEAD/lib/libClicPerformance.so.2.4.1 (libClicPerformance.so)-->
<!-- Loading shared library : /opt/ilcsoft/muonc/Clupatra/v01-03/lib/libClupatra.so.1.3.0 (libClupatra.so)-->
<!-- Loading shared library : /opt/ilcsoft/muonc/Physsim/v00-04-01/lib/libPhyssim.so.0.4.1 (libPhyssim.so)-->
<!-- Loading shared library : /opt/ilcsoft/muonc/LCFIPlus/v00-09/lib/libLCFIPlus.so.0.8.0 (libLCFIPlus.so)-->
<!-- Loading shared library : /opt/ilcsoft/muonc/FCalClusterer/v01-00-01/lib/libFCalClusterer.so (libFCalClusterer.so)-->
<!-- Loading shared library : /opt/ilcsoft/muonc/ForwardTracking/v01-14-MC/lib/libForwardTracking.so.1.14.0 (libForwardTracking.so)-->
<!-- Loading shared library : /opt/ilcsoft/muonc/ConformalTracking/v01-11-MC/lib/libConformalTracking.so.1.10.0 (libConformalTracking.so)-->
<!-- Loading shared library : /opt/ilcsoft/muonc/LICH/v00-01/lib/libLICH.so.0.1.0 (libLICH.so)-->
<!-- Loading shared library : /opt/ilcsoft/muonc/Garlic/v03-01/lib/libGarlic.so.3.1.0 (libGarlic.so)-->

XMLParser::parse : no <constants/> section found in ../steering_files/lctuple.xml
 ***********************************************
 A runtime error occured - (uncaught exception):
      gear::ParseException: GearXML::createGearMgr error in file [GearOutput.xml, row: 0, col: 0] : Failed to open file
 Marlin will have to be terminated, sorry.
 ***********************************************

